<?xml version="1.0" encoding="UTF-8"?>
<testsuite name="DatabaseTest" tests="3" skipped="0" failures="0" errors="0" timestamp="2024-04-06T07:26:48" hostname="MacBook-Pro-Bogdan-2.local" time="0.604">
  <properties/>
  <testcase name="updateCat()" classname="DatabaseTest" time="0.596"/>
  <testcase name="findCat()" classname="DatabaseTest" time="0.003"/>
  <testcase name="deleteCat()" classname="DatabaseTest" time="0.001"/>
  <system-out><![CDATA[]]></system-out>
  <system-err><![CDATA[WARNING: A Java agent has been loaded dynamically (/Users/6ogdasha/.gradle/caches/modules-2/files-2.1/net.bytebuddy/byte-buddy-agent/1.14.10/90ed94ac044ea8953b224304c762316e91fd6b31/byte-buddy-agent-1.14.10.jar)
WARNING: If a serviceability tool is in use, please run with -XX:+EnableDynamicAgentLoading to hide this warning
WARNING: If a serviceability tool is not in use, please run with -Djdk.instrument.traceUsage for more information
WARNING: Dynamic loading of agents will be disallowed by default in a future release
]]></system-err>
</testsuite>
